{"logTime": "0915/155810", "correlationVector":"/BtBiyYMr+uF6aCaoPkInX.1","action":"SyncServerConnectionManagerRequest", "result":"SYNC_SERVER_OK", "context":{"environment":"Prod_SouthCentralUS_000i", "migrationStage":"NotStarted", "server":"GENERAL01000016"}}
{"logTime": "0915/155810", "correlationVector":"A792JcvOERWlvn3HbCMfI0","action":"SyncServerConnectionManagerRequest", "result":"SYNC_SERVER_OK", "context":{"environment":"", "migrationStage":"", "server":""}}
{"logTime": "0915/155810", "correlationVector":"/BtBiyYMr+uF6aCaoPkInX","action":"Initial GetUpdates", "result":"", "context":Reason: NEW_CLIENT. cV=/BtBiyYMr+uF6aCaoPkInX}
{"logTime": "0915/155810", "correlationVector":"/BtBiyYMr+uF6aCaoPkInX.2","action":"GetUpdates Response", "result":"Success", "context":Received 1 update(s). cV=/BtBiyYMr+uF6aCaoPkInX.0;server=GENERAL01000016;cloudType=Consumer;environment=Prod_SouthCentralUS_000i;migrationStage=NotStarted}
{"logTime": "0915/155810", "correlationVector":"Ousdv08Cv1Z9DGSOnHebVQ","action":"Initial GetUpdates", "result":"", "context":Reason: NEWLY_SUPPORTED_DATATYPE. cV=Ousdv08Cv1Z9DGSOnHebVQ}
{"logTime": "0915/155811", "correlationVector":"Ousdv08Cv1Z9DGSOnHebVQ.1","action":"SyncServerConnectionManagerRequest", "result":"SYNC_SERVER_OK", "context":{"environment":"Prod_SouthCentralUS_000i", "migrationStage":"NotStarted", "server":"GENERAL01000010"}}
{"logTime": "0915/155811", "correlationVector":"Ousdv08Cv1Z9DGSOnHebVQ.2","action":"GetUpdates Response", "result":"Success", "context":Received 40 update(s). cV=Ousdv08Cv1Z9DGSOnHebVQ.0;server=GENERAL01000010;cloudType=Consumer;environment=Prod_SouthCentralUS_000i;migrationStage=NotStarted}
{"logTime": "0915/155811", "correlationVector":"LBQgt0G1VG1N6iv6wZX8HH","action":"Initial GetUpdates", "result":"", "context":Reason: NEWLY_SUPPORTED_DATATYPE. cV=LBQgt0G1VG1N6iv6wZX8HH}
{"logTime": "0915/155811", "correlationVector":"LBQgt0G1VG1N6iv6wZX8HH.1","action":"SyncServerConnectionManagerRequest", "result":"SYNC_SERVER_OK", "context":{"environment":"Prod_SouthCentralUS_000i", "migrationStage":"NotStarted", "server":"GENERAL01000016"}}
{"logTime": "0915/155811", "correlationVector":"LBQgt0G1VG1N6iv6wZX8HH.2","action":"GetUpdates Response", "result":"Success", "context":Received 5 update(s). cV=LBQgt0G1VG1N6iv6wZX8HH.0;server=GENERAL01000016;cloudType=Consumer;environment=Prod_SouthCentralUS_000i;migrationStage=NotStarted}
{"logTime": "0915/155811", "correlationVector":"FYqg3pkdG8OBKU9O/drMat","action":"Initial GetUpdates", "result":"", "context":Reason: NEWLY_SUPPORTED_DATATYPE. cV=FYqg3pkdG8OBKU9O/drMat}
{"logTime": "0915/155812", "correlationVector":"FYqg3pkdG8OBKU9O/drMat.1","action":"SyncServerConnectionManagerRequest", "result":"SYNC_SERVER_OK", "context":{"environment":"Prod_SouthCentralUS_000i", "migrationStage":"NotStarted", "server":"GENERAL0100001C"}}
{"logTime": "0915/155812", "correlationVector":"FYqg3pkdG8OBKU9O/drMat.2","action":"GetUpdates Response", "result":"Success", "context":Received 17 update(s). cV=FYqg3pkdG8OBKU9O/drMat.0;server=GENERAL0100001C;cloudType=Consumer;environment=Prod_SouthCentralUS_000i;migrationStage=NotStarted}
{"logTime": "0915/155812", "correlationVector":"/8PIsE+JELkjlJ6OubplVV","action":"Normal GetUpdate request", "result":"", "context":cV=/8PIsE+JELkjlJ6OubplVV
Nudged types: Device Info, User Consents
Refresh requested types: Bookmarks, Preferences, Passwords, Autofill Profiles, Autofill, Extensions, Extension settings, Device Info, User Consents, Send Tab To Self, Web Apps, Collection, Edge E Drop, Edge Hub App Usage, Edge Wallet, Encryption Keys}
{"logTime": "0915/155812", "correlationVector":"/8PIsE+JELkjlJ6OubplVV.1","action":"SyncServerConnectionManagerRequest", "result":"SYNC_SERVER_OK", "context":{"environment":"Prod_SouthCentralUS_000i", "migrationStage":"NotStarted", "server":"GENERAL0100000X"}}
{"logTime": "0915/155812", "correlationVector":"/8PIsE+JELkjlJ6OubplVV.2","action":"GetUpdates Response", "result":"Success", "context":Received 0 update(s). cV=/8PIsE+JELkjlJ6OubplVV.0;server=GENERAL0100000X;cloudType=Consumer;environment=Prod_SouthCentralUS_000i;migrationStage=NotStarted}
{"logTime": "0915/155812", "correlationVector":"/m42Lzzz1mXxsiYtzR+NYN","action":"DoCompareDataConsistency requsted types: ", "result":"Bookmarks, Preferences, Passwords, Extensions, Extension settings, Send Tab To Self, Web Apps, Collection, Edge E Drop, Edge Wallet, Encryption Keys"}
{"logTime": "0915/155812", "correlationVector":"/m42Lzzz1mXxsiYtzR+NYN.0","action":"CompareDataConsistency result: ", "result":"Compare result: Encryption Keys is consistent. local entities count is: 1 local entities hash is: IjXQQ7qW47knyQdGEmBF/HyqPos="}
{"logTime": "0915/155812", "correlationVector":"/m42Lzzz1mXxsiYtzR+NYN.1","action":"CompareDataConsistency result: ", "result":"Compare result: Bookmarks is consistent. local entities count is: 3 local entities hash is: qb265RnvGTTuafLMc/xIMUcS2hc="}
{"logTime": "0915/155812", "correlationVector":"/m42Lzzz1mXxsiYtzR+NYN.2","action":"CompareDataConsistency result: ", "result":"Compare result: Preferences is consistent. local entities count is: 35 local entities hash is: ITs8tAsxyN+sHsZRWcjbmFN4Y/U="}
{"logTime": "0915/155812", "correlationVector":"/m42Lzzz1mXxsiYtzR+NYN.3","action":"CompareDataConsistency result: ", "result":"Compare result: Extensions is consistent. local entities count is: 0 local entities hash is: "}
{"logTime": "0915/155812", "correlationVector":"/m42Lzzz1mXxsiYtzR+NYN.4","action":"CompareDataConsistency result: ", "result":"Compare result: Extension settings is consistent. local entities count is: 0 local entities hash is: "}
{"logTime": "0915/155812", "correlationVector":"/m42Lzzz1mXxsiYtzR+NYN.5","action":"CompareDataConsistency result: ", "result":"Server did not send this Send Tab To Self local entities count is: 0 local entities hash is: "}
{"logTime": "0915/155812", "correlationVector":"/m42Lzzz1mXxsiYtzR+NYN.6","action":"CompareDataConsistency result: ", "result":"Compare result: Web Apps is consistent. local entities count is: 4 local entities hash is: 6ovz9OqT+DH7jqdtXxO91mPaQGM="}
{"logTime": "0915/155812", "correlationVector":"/m42Lzzz1mXxsiYtzR+NYN.7","action":"CompareDataConsistency result: ", "result":"Compare result: Collection is consistent. local entities count is: 0 local entities hash is: "}
{"logTime": "0915/155812", "correlationVector":"/m42Lzzz1mXxsiYtzR+NYN.8","action":"CompareDataConsistency result: ", "result":"Compare result: Edge E Drop is consistent. local entities count is: 0 local entities hash is: "}
{"logTime": "0915/155812", "correlationVector":"/m42Lzzz1mXxsiYtzR+NYN.9","action":"CompareDataConsistency result: ", "result":"Compare result: Edge Wallet is consistent. local entities count is: 0 local entities hash is: "}
{"logTime": "0915/155812", "correlationVector":"/m42Lzzz1mXxsiYtzR+NYN.10","action":"CompareDataConsistency result: ", "result":"Compare result: Passwords is consistent. local entities count is: 1 local entities hash is: 6OkeM23f9SixJDovu5OSgP6u4lI="}
{"logTime": "0915/155812", "correlationVector":"E1eYuUNCzSg+BmkcNJXYS4","action":"Commit Request", "result":"", "context":Item count: 3
Contributing types: Device Info, User Consents}
{"logTime": "0915/155813", "correlationVector":"E1eYuUNCzSg+BmkcNJXYS4.1","action":"SyncServerConnectionManagerRequest", "result":"SYNC_SERVER_OK", "context":{"environment":"Prod_SouthCentralUS_000i", "migrationStage":"NotStarted", "server":"GENERAL01000011"}}
{"logTime": "0915/155813", "correlationVector":"E1eYuUNCzSg+BmkcNJXYS4.2","action":"Commit Response", "result":"Success", "context":Result: Success. cV=E1eYuUNCzSg+BmkcNJXYS4.0;server=GENERAL01000011;cloudType=Consumer;environment=Prod_SouthCentralUS_000i;migrationStage=NotStarted}
{"logTime": "0915/155813", "correlationVector":"","action":"DIAGNOSTIC_REQUEST|v1/diagnosticData/Diagnostic.SendCheckResult()|SUCCESS", "result":""}
{"logTime": "0915/155813", "correlationVector":"ZvP2fAa/y5WRZ6XWYAAph3","action":"Normal GetUpdate request", "result":"", "context":cV=ZvP2fAa/y5WRZ6XWYAAph3
Nudged types: Device Info, User Consents}
{"logTime": "0915/155814", "correlationVector":"ZvP2fAa/y5WRZ6XWYAAph3.1","action":"SyncServerConnectionManagerRequest", "result":"SYNC_SERVER_OK", "context":{"environment":"Prod_SouthCentralUS_000i", "migrationStage":"NotStarted", "server":"GENERAL0100001D"}}
{"logTime": "0915/155814", "correlationVector":"ZvP2fAa/y5WRZ6XWYAAph3.2","action":"GetUpdates Response", "result":"Success", "context":Received 1 update(s). cV=ZvP2fAa/y5WRZ6XWYAAph3.0;server=GENERAL0100001D;cloudType=Consumer;environment=Prod_SouthCentralUS_000i;migrationStage=NotStarted}
{"logTime": "0915/155816", "correlationVector":"Ap3fynClhmo76PUnHkkvLY","action":"Commit Request", "result":"", "context":Item count: 1
Contributing types: Edge Hub App Usage}
{"logTime": "0915/155817", "correlationVector":"Ap3fynClhmo76PUnHkkvLY.1","action":"SyncServerConnectionManagerRequest", "result":"SYNC_SERVER_OK", "context":{"environment":"Prod_SouthCentralUS_000i", "migrationStage":"NotStarted", "server":"GENERAL01000008"}}
{"logTime": "0915/155817", "correlationVector":"Ap3fynClhmo76PUnHkkvLY.2","action":"Commit Response", "result":"Success", "context":Result: Success. cV=Ap3fynClhmo76PUnHkkvLY.0;server=GENERAL01000008;cloudType=Consumer;environment=Prod_SouthCentralUS_000i;migrationStage=NotStarted}
{"logTime": "0915/160704", "correlationVector":"mP5aQ2H/WI0QnS1ZUhhaSL.1","action":"SyncServerConnectionManagerRequest", "result":"SYNC_SERVER_OK", "context":{"environment":"Prod_EastUS2_000e", "migrationStage":"NotStarted", "server":"GENERAL0100001E"}}
{"logTime": "0915/160704", "correlationVector":"TkcMWOK1WehvWvZWL30Bo2","action":"SyncServerConnectionManagerRequest", "result":"SYNC_SERVER_OK", "context":{"environment":"", "migrationStage":"", "server":""}}
{"logTime": "0915/160704", "correlationVector":"mP5aQ2H/WI0QnS1ZUhhaSL","action":"Initial GetUpdates", "result":"", "context":Reason: NEW_CLIENT. cV=mP5aQ2H/WI0QnS1ZUhhaSL}
{"logTime": "0915/160704", "correlationVector":"mP5aQ2H/WI0QnS1ZUhhaSL.2","action":"GetUpdates Response", "result":"Success", "context":Received 1 update(s). cV=mP5aQ2H/WI0QnS1ZUhhaSL.0;server=GENERAL0100001E;cloudType=Consumer;environment=Prod_EastUS2_000e;migrationStage=NotStarted}
{"logTime": "0915/160704", "correlationVector":"hkLg5pr8XCPFTwRiroPph5","action":"Initial GetUpdates", "result":"", "context":Reason: NEWLY_SUPPORTED_DATATYPE. cV=hkLg5pr8XCPFTwRiroPph5}
{"logTime": "0915/160704", "correlationVector":"hkLg5pr8XCPFTwRiroPph5.1","action":"SyncServerConnectionManagerRequest", "result":"SYNC_SERVER_OK", "context":{"environment":"Prod_EastUS2_000e", "migrationStage":"NotStarted", "server":"GENERAL01000022"}}
{"logTime": "0915/160704", "correlationVector":"hkLg5pr8XCPFTwRiroPph5.2","action":"GetUpdates Response", "result":"Success", "context":Received 1 update(s). cV=hkLg5pr8XCPFTwRiroPph5.0;server=GENERAL01000022;cloudType=Consumer;environment=Prod_EastUS2_000e;migrationStage=NotStarted}
{"logTime": "0915/160704", "correlationVector":"ohnJSciGgZsgqHYTl/WF9z","action":"Initial GetUpdates", "result":"", "context":Reason: NEWLY_SUPPORTED_DATATYPE. cV=ohnJSciGgZsgqHYTl/WF9z}
{"logTime": "0915/160705", "correlationVector":"ohnJSciGgZsgqHYTl/WF9z.1","action":"SyncServerConnectionManagerRequest", "result":"SYNC_SERVER_OK", "context":{"environment":"Prod_EastUS2_000e", "migrationStage":"NotStarted", "server":"GENERAL0100001L"}}
{"logTime": "0915/160705", "correlationVector":"ohnJSciGgZsgqHYTl/WF9z.2","action":"GetUpdates", "result":"DeleteReceived", "context":{"id":"05b1b7f6-1312-4803-bc10-b6b517c0b00b", "isDeleted:":"true", "version":"1719961699739"}}
{"logTime": "0915/160705", "correlationVector":"ohnJSciGgZsgqHYTl/WF9z.3","action":"GetUpdates", "result":"DeleteReceived", "context":{"id":"42a7f5de-3a7e-4dd6-a958-c3dd29d11bf0", "isDeleted:":"true", "version":"1723038611655"}}
{"logTime": "0915/160705", "correlationVector":"ohnJSciGgZsgqHYTl/WF9z.4","action":"GetUpdates", "result":"DeleteReceived", "context":{"id":"dc85e26d-00c4-4fae-8821-c2234e38226d", "isDeleted:":"true", "version":"1723038611656"}}
{"logTime": "0915/160705", "correlationVector":"ohnJSciGgZsgqHYTl/WF9z.5","action":"GetUpdates", "result":"DeleteReceived", "context":{"id":"53385ab5-0e90-4289-a954-571f8cd1a28a", "isDeleted:":"true", "version":"1723555014150"}}
{"logTime": "0915/160705", "correlationVector":"ohnJSciGgZsgqHYTl/WF9z.6","action":"GetUpdates", "result":"DeleteReceived", "context":{"id":"52b97676-8890-4e29-83bd-299f5d287b1d", "isDeleted:":"true", "version":"1723817132510"}}
{"logTime": "0915/160705", "correlationVector":"ohnJSciGgZsgqHYTl/WF9z.7","action":"GetUpdates", "result":"DeleteReceived", "context":{"id":"a5347c1d-d18b-44ff-a7f3-2e9e583dee8d", "isDeleted:":"true", "version":"1723905721133"}}
{"logTime": "0915/160705", "correlationVector":"ohnJSciGgZsgqHYTl/WF9z.8","action":"GetUpdates", "result":"DeleteReceived", "context":{"id":"120b609b-93b1-4dc2-a805-41a90bb36415", "isDeleted:":"true", "version":"1724285902264"}}
{"logTime": "0915/160705", "correlationVector":"ohnJSciGgZsgqHYTl/WF9z.9","action":"GetUpdates", "result":"DeleteReceived", "context":{"id":"c363e935-edba-499a-abfe-ac1e44ea13b6", "isDeleted:":"true", "version":"1724285902265"}}
{"logTime": "0915/160705", "correlationVector":"ohnJSciGgZsgqHYTl/WF9z.10","action":"GetUpdates", "result":"DeleteReceived", "context":{"id":"aacb5364-2285-46ef-89ec-755864466387", "isDeleted:":"true", "version":"1724332492301"}}
{"logTime": "0915/160705", "correlationVector":"ohnJSciGgZsgqHYTl/WF9z.11","action":"GetUpdates", "result":"DeleteReceived", "context":{"id":"82a952f6-dc87-4496-8337-420308dcac76", "isDeleted:":"true", "version":"1724456394845"}}
{"logTime": "0915/160705", "correlationVector":"ohnJSciGgZsgqHYTl/WF9z.12","action":"GetUpdates", "result":"DeleteReceived", "context":{"id":"b9396bda-1e79-4f0a-bb40-ebf947c4e27e", "isDeleted:":"true", "version":"1724592798026"}}
{"logTime": "0915/160705", "correlationVector":"ohnJSciGgZsgqHYTl/WF9z.13","action":"GetUpdates", "result":"DeleteReceived", "context":{"id":"a3115b80-fab3-443a-add6-7d500c5df387", "isDeleted:":"true", "version":"1724696960237"}}
{"logTime": "0915/160705", "correlationVector":"ohnJSciGgZsgqHYTl/WF9z.14","action":"GetUpdates", "result":"DeleteReceived", "context":{"id":"9acf4b36-16f5-4b01-a21c-13f0c5906d97", "isDeleted:":"true", "version":"1724931158716"}}
{"logTime": "0915/160705", "correlationVector":"ohnJSciGgZsgqHYTl/WF9z.15","action":"GetUpdates", "result":"DeleteReceived", "context":{"id":"a56f9910-8617-4d1d-8564-dcfc3fc88e86", "isDeleted:":"true", "version":"1725040786849"}}
{"logTime": "0915/160705", "correlationVector":"ohnJSciGgZsgqHYTl/WF9z.16","action":"GetUpdates", "result":"DeleteReceived", "context":{"id":"3e71819c-ae13-43ea-a0e8-dfbb832a50a6", "isDeleted:":"true", "version":"1725456449763"}}
{"logTime": "0915/160705", "correlationVector":"ohnJSciGgZsgqHYTl/WF9z.17","action":"GetUpdates", "result":"DeleteReceived", "context":{"id":"10f3b54d-4edd-4400-a347-196611b42b6a", "isDeleted:":"true", "version":"1725544766469"}}
{"logTime": "0915/160705", "correlationVector":"ohnJSciGgZsgqHYTl/WF9z.18","action":"GetUpdates", "result":"DeleteReceived", "context":{"id":"91977db4-4a25-4796-9e52-9db4aefb2e3b", "isDeleted:":"true", "version":"1725664152882"}}
{"logTime": "0915/160705", "correlationVector":"ohnJSciGgZsgqHYTl/WF9z.19","action":"GetUpdates", "result":"DeleteReceived", "context":{"id":"1a3bbdad-744e-4d2b-80c9-cde9d0e85c83", "isDeleted:":"true", "version":"1725881610298"}}
{"logTime": "0915/160705", "correlationVector":"ohnJSciGgZsgqHYTl/WF9z.20","action":"GetUpdates", "result":"DeleteReceived", "context":{"id":"d8ceb1a8-8272-408d-8450-7eb15b4f4c2a", "isDeleted:":"true", "version":"1725904717500"}}
{"logTime": "0915/160705", "correlationVector":"ohnJSciGgZsgqHYTl/WF9z.21","action":"GetUpdates", "result":"DeleteReceived", "context":{"id":"0f5d1906-64a0-4294-9c5e-0a1da9327f2a", "isDeleted:":"true", "version":"1726404747810"}}
{"logTime": "0915/160705", "correlationVector":"ohnJSciGgZsgqHYTl/WF9z.22","action":"GetUpdates Response", "result":"Success", "context":Received 21 update(s). cV=ohnJSciGgZsgqHYTl/WF9z.0;server=GENERAL0100001L;cloudType=Consumer;environment=Prod_EastUS2_000e;migrationStage=NotStarted}
{"logTime": "0915/160705", "correlationVector":"BuriE9WPyA/rI1GGIVSqfY","action":"Normal GetUpdate request", "result":"", "context":cV=BuriE9WPyA/rI1GGIVSqfY
Nudged types: Sessions
Refresh requested types: Bookmarks, Preferences, Passwords, Autofill Profiles, Autofill, Typed URLs, Extensions, Sessions, Extension settings, History Delete Directives, Device Info, User Consents, Send Tab To Self, Web Apps, Collection, Edge E Drop, Edge Hub App Usage, Edge Tab Group, Edge Wallet, Encryption Keys}
{"logTime": "0915/160705", "correlationVector":"BuriE9WPyA/rI1GGIVSqfY.1","action":"SyncServerConnectionManagerRequest", "result":"SYNC_SERVER_OK", "context":{"environment":"Prod_EastUS2_000e", "migrationStage":"NotStarted", "server":"GENERAL0100000J"}}
{"logTime": "0915/160705", "correlationVector":"BuriE9WPyA/rI1GGIVSqfY.2","action":"GetUpdates Response", "result":"Success", "context":Received 1 update(s). cV=BuriE9WPyA/rI1GGIVSqfY.0;server=GENERAL0100000J;cloudType=Consumer;environment=Prod_EastUS2_000e;migrationStage=NotStarted}
{"logTime": "0915/160706", "correlationVector":"ZV6OwkqhtsF3KO73O0n47n","action":"DoCompareDataConsistency requsted types: ", "result":"Bookmarks, Preferences, Passwords, Typed URLs, Extensions, Extension settings, History Delete Directives, Send Tab To Self, Web Apps, Collection, Edge E Drop, Edge Tab Group, Edge Wallet, Encryption Keys"}
{"logTime": "0915/160706", "correlationVector":"ZV6OwkqhtsF3KO73O0n47n.0","action":"CompareDataConsistency result: ", "result":"Compare result: Encryption Keys is consistent. local entities count is: 1 local entities hash is: IjXQQ7qW47knyQdGEmBF/HyqPos="}
{"logTime": "0915/160706", "correlationVector":"ZV6OwkqhtsF3KO73O0n47n.1","action":"CompareDataConsistency result: ", "result":"Compare result: Bookmarks is consistent. local entities count is: 3 local entities hash is: qb265RnvGTTuafLMc/xIMUcS2hc="}
{"logTime": "0915/160706", "correlationVector":"ZV6OwkqhtsF3KO73O0n47n.2","action":"CompareDataConsistency result: ", "result":"Compare result: Preferences is consistent. local entities count is: 35 local entities hash is: ITs8tAsxyN+sHsZRWcjbmFN4Y/U="}
{"logTime": "0915/160706", "correlationVector":"ZV6OwkqhtsF3KO73O0n47n.3","action":"CompareDataConsistency result: ", "result":"Server did not send this Typed URLs local entities count is: 0 local entities hash is: "}
{"logTime": "0915/160706", "correlationVector":"ZV6OwkqhtsF3KO73O0n47n.4","action":"CompareDataConsistency result: ", "result":"Compare result: Extensions is consistent. local entities count is: 0 local entities hash is: "}
{"logTime": "0915/160706", "correlationVector":"ZV6OwkqhtsF3KO73O0n47n.5","action":"CompareDataConsistency result: ", "result":"Compare result: Extension settings is consistent. local entities count is: 0 local entities hash is: "}
{"logTime": "0915/160706", "correlationVector":"ZV6OwkqhtsF3KO73O0n47n.6","action":"CompareDataConsistency result: ", "result":"Compare result: History Delete Directives is consistent. local entities count is: 0 local entities hash is: "}
{"logTime": "0915/160706", "correlationVector":"ZV6OwkqhtsF3KO73O0n47n.7","action":"CompareDataConsistency result: ", "result":"Server did not send this Send Tab To Self local entities count is: 0 local entities hash is: "}
{"logTime": "0915/160706", "correlationVector":"ZV6OwkqhtsF3KO73O0n47n.8","action":"CompareDataConsistency result: ", "result":"Compare result: Web Apps is consistent. local entities count is: 4 local entities hash is: 6ovz9OqT+DH7jqdtXxO91mPaQGM="}
{"logTime": "0915/160706", "correlationVector":"ZV6OwkqhtsF3KO73O0n47n.9","action":"CompareDataConsistency result: ", "result":"Compare result: Collection is consistent. local entities count is: 0 local entities hash is: "}
{"logTime": "0915/160706", "correlationVector":"ZV6OwkqhtsF3KO73O0n47n.10","action":"CompareDataConsistency result: ", "result":"Compare result: Edge E Drop is consistent. local entities count is: 0 local entities hash is: "}
{"logTime": "0915/160706", "correlationVector":"ZV6OwkqhtsF3KO73O0n47n.11","action":"CompareDataConsistency result: ", "result":"Compare result: Edge Tab Group is consistent. local entities count is: 0 local entities hash is: "}
{"logTime": "0915/160706", "correlationVector":"ZV6OwkqhtsF3KO73O0n47n.12","action":"CompareDataConsistency result: ", "result":"Compare result: Edge Wallet is consistent. local entities count is: 0 local entities hash is: "}
{"logTime": "0915/160706", "correlationVector":"ZV6OwkqhtsF3KO73O0n47n.13","action":"CompareDataConsistency result: ", "result":"Compare result: Passwords is consistent. local entities count is: 1 local entities hash is: 6OkeM23f9SixJDovu5OSgP6u4lI="}
{"logTime": "0915/160706", "correlationVector":"lhVWDkre6ODxQl0YILiVoT","action":"Commit Request", "result":"", "context":Item count: 2
Contributing types: Sessions}
{"logTime": "0915/160706", "correlationVector":"lhVWDkre6ODxQl0YILiVoT.1","action":"SyncServerConnectionManagerRequest", "result":"SYNC_SERVER_OK", "context":{"environment":"Prod_EastUS2_000e", "migrationStage":"NotStarted", "server":"GENERAL0100001G"}}
{"logTime": "0915/160706", "correlationVector":"lhVWDkre6ODxQl0YILiVoT.2","action":"Commit Response", "result":"Success", "context":Result: Success. cV=lhVWDkre6ODxQl0YILiVoT.0;server=GENERAL0100001G;cloudType=Consumer;environment=Prod_EastUS2_000e;migrationStage=NotStarted}
{"logTime": "0915/160706", "correlationVector":"","action":"DIAGNOSTIC_REQUEST|v1/diagnosticData/Diagnostic.SendCheckResult()|SUCCESS", "result":""}
{"logTime": "0915/160736", "correlationVector":"kjku0/Dptv11kckzAMWEhz","action":"Normal GetUpdate request", "result":"", "context":cV=kjku0/Dptv11kckzAMWEhz
Nudged types: Sessions}
{"logTime": "0915/160736", "correlationVector":"kjku0/Dptv11kckzAMWEhz.1","action":"SyncServerConnectionManagerRequest", "result":"SYNC_SERVER_OK", "context":{"environment":"Prod_EastUS2_000e", "migrationStage":"NotStarted", "server":"GENERAL0100002Q"}}
{"logTime": "0915/160736", "correlationVector":"kjku0/Dptv11kckzAMWEhz.2","action":"GetUpdates Response", "result":"Success", "context":Received 2 update(s). cV=kjku0/Dptv11kckzAMWEhz.0;server=GENERAL0100002Q;cloudType=Consumer;environment=Prod_EastUS2_000e;migrationStage=NotStarted}
{"logTime": "0915/160736", "correlationVector":"8j43mTV+CRKqs7ekczAdGh","action":"Commit Request", "result":"", "context":Item count: 1
Contributing types: Sessions}
{"logTime": "0915/160737", "correlationVector":"8j43mTV+CRKqs7ekczAdGh.1","action":"SyncServerConnectionManagerRequest", "result":"SYNC_SERVER_OK", "context":{"environment":"Prod_EastUS2_000e", "migrationStage":"NotStarted", "server":"GENERAL0100001Y"}}
{"logTime": "0915/160737", "correlationVector":"8j43mTV+CRKqs7ekczAdGh.2","action":"Commit Response", "result":"Success", "context":Result: Success. cV=8j43mTV+CRKqs7ekczAdGh.0;server=GENERAL0100001Y;cloudType=Consumer;environment=Prod_EastUS2_000e;migrationStage=NotStarted}
{"logTime": "0915/160754", "correlationVector":"RtO38D9n/n0XqXARQ8x2Dd","action":"Commit Request", "result":"", "context":Item count: 3
Contributing types: Preferences, Sessions}
{"logTime": "0915/160755", "correlationVector":"RtO38D9n/n0XqXARQ8x2Dd.1","action":"SyncServerConnectionManagerRequest", "result":"SYNC_SERVER_OK", "context":{"environment":"Prod_EastUS2_000e", "migrationStage":"NotStarted", "server":"GENERAL0100000W"}}
{"logTime": "0915/160755", "correlationVector":"RtO38D9n/n0XqXARQ8x2Dd.2","action":"Commit Response", "result":"Success", "context":Result: Success. cV=RtO38D9n/n0XqXARQ8x2Dd.0;server=GENERAL0100000W;cloudType=Consumer;environment=Prod_EastUS2_000e;migrationStage=NotStarted}
{"logTime": "0915/161203", "correlationVector":"Bf8bxwIPb6gV4TjdP6nzqd","action":"Normal GetUpdate request", "result":"", "context":cV=Bf8bxwIPb6gV4TjdP6nzqd
Refresh requested types: Bookmarks, Preferences, Passwords, Autofill Profiles, Autofill, Typed URLs, Extensions, Sessions, Extension settings, History Delete Directives, Device Info, User Consents, Send Tab To Self, Web Apps, Collection, Edge E Drop, Edge Hub App Usage, Edge Tab Group, Edge Wallet, Encryption Keys}
{"logTime": "0915/161204", "correlationVector":"Bf8bxwIPb6gV4TjdP6nzqd.1","action":"SyncServerConnectionManagerRequest", "result":"SYNC_SERVER_OK", "context":{"environment":"Prod_EastUS2_000e", "migrationStage":"NotStarted", "server":"GENERAL0100002N"}}
{"logTime": "0915/161204", "correlationVector":"Bf8bxwIPb6gV4TjdP6nzqd.2","action":"GetUpdates Response", "result":"Success", "context":Received 3 update(s). cV=Bf8bxwIPb6gV4TjdP6nzqd.0;server=GENERAL0100002N;cloudType=Consumer;environment=Prod_EastUS2_000e;migrationStage=NotStarted}
{"logTime": "0915/162113", "correlationVector":"D6UdqQlUuwowaCkTqvDsDC","action":"Commit Request", "result":"", "context":Item count: 1
Contributing types: Sessions}
{"logTime": "0915/162114", "correlationVector":"D6UdqQlUuwowaCkTqvDsDC.1","action":"SyncServerConnectionManagerRequest", "result":"SYNC_SERVER_OK", "context":{"environment":"Prod_EastUS2_000e", "migrationStage":"NotStarted", "server":"GENERAL01000003"}}
{"logTime": "0915/162114", "correlationVector":"D6UdqQlUuwowaCkTqvDsDC.2","action":"Commit Response", "result":"Success", "context":Result: Success. cV=D6UdqQlUuwowaCkTqvDsDC.0;server=GENERAL01000003;cloudType=Consumer;environment=Prod_EastUS2_000e;migrationStage=NotStarted}
{"logTime": "0915/164415", "correlationVector":"q3SnezSMaIJF/hwwp9mzBb.1","action":"SyncServerConnectionManagerRequest", "result":"SYNC_SERVER_OK", "context":{"environment":"Prod_EastUS_000w", "migrationStage":"NotStarted", "server":"GENERAL11000012"}}
{"logTime": "0915/164415", "correlationVector":"7nwaaZVXuzyJmrRFNQsEop","action":"SyncServerConnectionManagerRequest", "result":"SYNC_SERVER_OK", "context":{"environment":"", "migrationStage":"", "server":""}}
{"logTime": "0915/164415", "correlationVector":"q3SnezSMaIJF/hwwp9mzBb","action":"Initial GetUpdates", "result":"", "context":Reason: NEW_CLIENT. cV=q3SnezSMaIJF/hwwp9mzBb}
{"logTime": "0915/164415", "correlationVector":"q3SnezSMaIJF/hwwp9mzBb.2","action":"GetUpdates Response", "result":"Success", "context":Received 1 update(s). cV=q3SnezSMaIJF/hwwp9mzBb.0;server=GENERAL11000012;cloudType=Consumer;environment=Prod_EastUS_000w;migrationStage=NotStarted}
{"logTime": "0915/164415", "correlationVector":"wycLOzQLyF97EcUYKob9Y8","action":"Initial GetUpdates", "result":"", "context":Reason: NEWLY_SUPPORTED_DATATYPE. cV=wycLOzQLyF97EcUYKob9Y8}
{"logTime": "0915/164415", "correlationVector":"wycLOzQLyF97EcUYKob9Y8.1","action":"SyncServerConnectionManagerRequest", "result":"SYNC_SERVER_OK", "context":{"environment":"Prod_EastUS_000w", "migrationStage":"NotStarted", "server":"GENERAL11000025"}}
{"logTime": "0915/164415", "correlationVector":"wycLOzQLyF97EcUYKob9Y8.2","action":"GetUpdates Response", "result":"Success", "context":Received 1 update(s). cV=wycLOzQLyF97EcUYKob9Y8.0;server=GENERAL11000025;cloudType=Consumer;environment=Prod_EastUS_000w;migrationStage=NotStarted}
{"logTime": "0915/164415", "correlationVector":"eVRPXTuKMdX4P2yGbdIve2","action":"Normal GetUpdate request", "result":"", "context":cV=eVRPXTuKMdX4P2yGbdIve2
Nudged types: Sessions
Refresh requested types: Bookmarks, Preferences, Passwords, Autofill Profiles, Autofill, Typed URLs, Extensions, Sessions, Extension settings, History Delete Directives, Device Info, User Consents, Send Tab To Self, Web Apps, Collection, Edge E Drop, Edge Hub App Usage, Edge Tab Group, Edge Wallet, Encryption Keys}
{"logTime": "0915/164416", "correlationVector":"eVRPXTuKMdX4P2yGbdIve2.1","action":"SyncServerConnectionManagerRequest", "result":"SYNC_SERVER_OK", "context":{"environment":"Prod_EastUS_000w", "migrationStage":"NotStarted", "server":"GENERAL11000012"}}
{"logTime": "0915/164416", "correlationVector":"eVRPXTuKMdX4P2yGbdIve2.2","action":"GetUpdates Response", "result":"Success", "context":Received 1 update(s). cV=eVRPXTuKMdX4P2yGbdIve2.0;server=GENERAL11000012;cloudType=Consumer;environment=Prod_EastUS_000w;migrationStage=NotStarted}
{"logTime": "0915/164416", "correlationVector":"dDd7qWs7L1IBpRZLE7EQz4","action":"DoCompareDataConsistency requsted types: ", "result":"Bookmarks, Preferences, Passwords, Typed URLs, Extensions, Extension settings, History Delete Directives, Send Tab To Self, Web Apps, Collection, Edge E Drop, Edge Tab Group, Edge Wallet, Encryption Keys"}
{"logTime": "0915/164416", "correlationVector":"dDd7qWs7L1IBpRZLE7EQz4.0","action":"CompareDataConsistency result: ", "result":"Compare result: Encryption Keys is consistent. local entities count is: 1 local entities hash is: IjXQQ7qW47knyQdGEmBF/HyqPos="}
{"logTime": "0915/164416", "correlationVector":"dDd7qWs7L1IBpRZLE7EQz4.1","action":"CompareDataConsistency result: ", "result":"Compare result: Bookmarks is consistent. local entities count is: 3 local entities hash is: qb265RnvGTTuafLMc/xIMUcS2hc="}
{"logTime": "0915/164416", "correlationVector":"dDd7qWs7L1IBpRZLE7EQz4.2","action":"CompareDataConsistency result: ", "result":"Compare result: Preferences is consistent. local entities count is: 35 local entities hash is: 1h7ZmHwTrD41/WU4NXIND2aF6Pc="}
{"logTime": "0915/164416", "correlationVector":"dDd7qWs7L1IBpRZLE7EQz4.3","action":"CompareDataConsistency result: ", "result":"Server did not send this Typed URLs local entities count is: 0 local entities hash is: "}
{"logTime": "0915/164416", "correlationVector":"dDd7qWs7L1IBpRZLE7EQz4.4","action":"CompareDataConsistency result: ", "result":"Compare result: Extensions is consistent. local entities count is: 0 local entities hash is: "}
{"logTime": "0915/164416", "correlationVector":"dDd7qWs7L1IBpRZLE7EQz4.5","action":"CompareDataConsistency result: ", "result":"Compare result: Extension settings is consistent. local entities count is: 0 local entities hash is: "}
{"logTime": "0915/164416", "correlationVector":"dDd7qWs7L1IBpRZLE7EQz4.6","action":"CompareDataConsistency result: ", "result":"Compare result: History Delete Directives is consistent. local entities count is: 0 local entities hash is: "}
{"logTime": "0915/164416", "correlationVector":"dDd7qWs7L1IBpRZLE7EQz4.7","action":"CompareDataConsistency result: ", "result":"Server did not send this Send Tab To Self local entities count is: 0 local entities hash is: "}
{"logTime": "0915/164416", "correlationVector":"dDd7qWs7L1IBpRZLE7EQz4.8","action":"CompareDataConsistency result: ", "result":"Compare result: Web Apps is consistent. local entities count is: 4 local entities hash is: 6ovz9OqT+DH7jqdtXxO91mPaQGM="}
{"logTime": "0915/164416", "correlationVector":"dDd7qWs7L1IBpRZLE7EQz4.9","action":"CompareDataConsistency result: ", "result":"Compare result: Collection is consistent. local entities count is: 0 local entities hash is: "}
{"logTime": "0915/164416", "correlationVector":"dDd7qWs7L1IBpRZLE7EQz4.10","action":"CompareDataConsistency result: ", "result":"Compare result: Edge E Drop is consistent. local entities count is: 0 local entities hash is: "}
{"logTime": "0915/164416", "correlationVector":"dDd7qWs7L1IBpRZLE7EQz4.11","action":"CompareDataConsistency result: ", "result":"Compare result: Edge Tab Group is consistent. local entities count is: 0 local entities hash is: "}
{"logTime": "0915/164416", "correlationVector":"dDd7qWs7L1IBpRZLE7EQz4.12","action":"CompareDataConsistency result: ", "result":"Compare result: Edge Wallet is consistent. local entities count is: 0 local entities hash is: "}
{"logTime": "0915/164416", "correlationVector":"dDd7qWs7L1IBpRZLE7EQz4.13","action":"CompareDataConsistency result: ", "result":"Compare result: Passwords is consistent. local entities count is: 1 local entities hash is: 6OkeM23f9SixJDovu5OSgP6u4lI="}
{"logTime": "0915/164416", "correlationVector":"KY9o38lkOaMimm9ozXZGsu","action":"Commit Request", "result":"", "context":Item count: 3
Contributing types: Sessions}
{"logTime": "0915/164416", "correlationVector":"KY9o38lkOaMimm9ozXZGsu.1","action":"SyncServerConnectionManagerRequest", "result":"SYNC_SERVER_OK", "context":{"environment":"Prod_EastUS_000w", "migrationStage":"NotStarted", "server":"GENERAL1100002A"}}
{"logTime": "0915/164416", "correlationVector":"KY9o38lkOaMimm9ozXZGsu.3","action":"Commit.Sessions", "result":"Success", "context":{"id":"7e18e38a-cb46-45de-a943-318a561c9d1f", "isDeleted":"true", "size":"0", "version":"1726417274020"}}
{"logTime": "0915/164416", "correlationVector":"KY9o38lkOaMimm9ozXZGsu.2","action":"Commit Response", "result":"Success", "context":Result: Success. cV=KY9o38lkOaMimm9ozXZGsu.0;server=GENERAL1100002A;cloudType=Consumer;environment=Prod_EastUS_000w;migrationStage=NotStarted}
{"logTime": "0915/164416", "correlationVector":"","action":"DIAGNOSTIC_REQUEST|v1/diagnosticData/Diagnostic.SendCheckResult()|SUCCESS", "result":""}
{"logTime": "0915/164446", "correlationVector":"M1X+t3NqRWee6PdYI8FV3b","action":"Normal GetUpdate request", "result":"", "context":cV=M1X+t3NqRWee6PdYI8FV3b
Nudged types: Sessions}
{"logTime": "0915/164447", "correlationVector":"M1X+t3NqRWee6PdYI8FV3b.1","action":"SyncServerConnectionManagerRequest", "result":"SYNC_SERVER_OK", "context":{"environment":"Prod_EastUS_000w", "migrationStage":"NotStarted", "server":"GENERAL0100001L"}}
{"logTime": "0915/164447", "correlationVector":"M1X+t3NqRWee6PdYI8FV3b.2","action":"GetUpdates", "result":"DeleteReceived", "context":{"id":"7e18e38a-cb46-45de-a943-318a561c9d1f", "isDeleted:":"true", "version":"1726418656515"}}
{"logTime": "0915/164447", "correlationVector":"M1X+t3NqRWee6PdYI8FV3b.3","action":"GetUpdates Response", "result":"Success", "context":Received 3 update(s). cV=M1X+t3NqRWee6PdYI8FV3b.0;server=GENERAL0100001L;cloudType=Consumer;environment=Prod_EastUS_000w;migrationStage=NotStarted}
{"logTime": "0915/164447", "correlationVector":"5j5HCVCeEerLpk0EEQaJWe","action":"Commit Request", "result":"", "context":Item count: 1
Contributing types: Sessions}
{"logTime": "0915/164447", "correlationVector":"5j5HCVCeEerLpk0EEQaJWe.1","action":"SyncServerConnectionManagerRequest", "result":"SYNC_SERVER_OK", "context":{"environment":"Prod_EastUS_000w", "migrationStage":"NotStarted", "server":"GENERAL11000036"}}
{"logTime": "0915/164447", "correlationVector":"5j5HCVCeEerLpk0EEQaJWe.2","action":"Commit Response", "result":"Success", "context":Result: Success. cV=5j5HCVCeEerLpk0EEQaJWe.0;server=GENERAL11000036;cloudType=Consumer;environment=Prod_EastUS_000w;migrationStage=NotStarted}
{"logTime": "0915/164517", "correlationVector":"Pg9YO4MaoQBkarX5nAYWHF","action":"Commit Request", "result":"", "context":Item count: 1
Contributing types: Sessions}
{"logTime": "0915/164517", "correlationVector":"Pg9YO4MaoQBkarX5nAYWHF.1","action":"SyncServerConnectionManagerRequest", "result":"SYNC_SERVER_OK", "context":{"environment":"Prod_EastUS_000w", "migrationStage":"NotStarted", "server":"GENERAL1100003C"}}
{"logTime": "0915/164517", "correlationVector":"Pg9YO4MaoQBkarX5nAYWHF.2","action":"Commit Response", "result":"Success", "context":Result: Success. cV=Pg9YO4MaoQBkarX5nAYWHF.0;server=GENERAL1100003C;cloudType=Consumer;environment=Prod_EastUS_000w;migrationStage=NotStarted}
{"logTime": "0915/164655", "correlationVector":"9+hlFChFuhVmAJ72wb1Iz7","action":"Commit Request", "result":"", "context":Item count: 1
Contributing types: Sessions}
{"logTime": "0915/164655", "correlationVector":"9+hlFChFuhVmAJ72wb1Iz7.1","action":"SyncServerConnectionManagerRequest", "result":"SYNC_SERVER_OK", "context":{"environment":"Prod_EastUS_000w", "migrationStage":"NotStarted", "server":"GENERAL1100000P"}}
{"logTime": "0915/164655", "correlationVector":"9+hlFChFuhVmAJ72wb1Iz7.2","action":"Commit Response", "result":"Success", "context":Result: Success. cV=9+hlFChFuhVmAJ72wb1Iz7.0;server=GENERAL1100000P;cloudType=Consumer;environment=Prod_EastUS_000w;migrationStage=NotStarted}
{"logTime": "0915/170533", "correlationVector":"aJIHSxmEREO9TRpJlIDU6J.1","action":"SyncServerConnectionManagerRequest", "result":"SYNC_SERVER_OK", "context":{"environment":"Prod_EastUS_000w", "migrationStage":"NotStarted", "server":"GENERAL0200000U"}}
{"logTime": "0915/170533", "correlationVector":"I2B4DxyEHLeiUR+bpTs8C/","action":"SyncServerConnectionManagerRequest", "result":"SYNC_SERVER_OK", "context":{"environment":"", "migrationStage":"", "server":""}}
{"logTime": "0915/170533", "correlationVector":"aJIHSxmEREO9TRpJlIDU6J","action":"Initial GetUpdates", "result":"", "context":Reason: NEW_CLIENT. cV=aJIHSxmEREO9TRpJlIDU6J}
{"logTime": "0915/170533", "correlationVector":"aJIHSxmEREO9TRpJlIDU6J.2","action":"GetUpdates Response", "result":"Success", "context":Received 1 update(s). cV=aJIHSxmEREO9TRpJlIDU6J.0;server=GENERAL0200000U;cloudType=Consumer;environment=Prod_EastUS_000w;migrationStage=NotStarted}
{"logTime": "0915/170533", "correlationVector":"P49xwMS5EK9P7A8IoeYtLC","action":"Initial GetUpdates", "result":"", "context":Reason: NEWLY_SUPPORTED_DATATYPE. cV=P49xwMS5EK9P7A8IoeYtLC}
{"logTime": "0915/170534", "correlationVector":"P49xwMS5EK9P7A8IoeYtLC.1","action":"SyncServerConnectionManagerRequest", "result":"SYNC_SERVER_OK", "context":{"environment":"Prod_EastUS_000w", "migrationStage":"NotStarted", "server":"GENERAL0200003X"}}
{"logTime": "0915/170534", "correlationVector":"P49xwMS5EK9P7A8IoeYtLC.2","action":"GetUpdates Response", "result":"Success", "context":Received 1 update(s). cV=P49xwMS5EK9P7A8IoeYtLC.0;server=GENERAL0200003X;cloudType=Consumer;environment=Prod_EastUS_000w;migrationStage=NotStarted}
{"logTime": "0915/170534", "correlationVector":"UXO7e0L/K6s2e/51SDPLpE","action":"Normal GetUpdate request", "result":"", "context":cV=UXO7e0L/K6s2e/51SDPLpE
Nudged types: Sessions
Refresh requested types: Bookmarks, Preferences, Passwords, Autofill Profiles, Autofill, Typed URLs, Extensions, Sessions, Extension settings, History Delete Directives, Device Info, User Consents, Send Tab To Self, Web Apps, Collection, Edge E Drop, Edge Hub App Usage, Edge Tab Group, Edge Wallet, Encryption Keys}
{"logTime": "0915/170534", "correlationVector":"UXO7e0L/K6s2e/51SDPLpE.1","action":"SyncServerConnectionManagerRequest", "result":"SYNC_SERVER_OK", "context":{"environment":"Prod_EastUS_000w", "migrationStage":"NotStarted", "server":"GENERAL1100002D"}}
{"logTime": "0915/170534", "correlationVector":"UXO7e0L/K6s2e/51SDPLpE.2","action":"GetUpdates Response", "result":"Success", "context":Received 1 update(s). cV=UXO7e0L/K6s2e/51SDPLpE.0;server=GENERAL1100002D;cloudType=Consumer;environment=Prod_EastUS_000w;migrationStage=NotStarted}
{"logTime": "0915/170534", "correlationVector":"CkZKRQ4FIJv8mZzbDT+pG+","action":"DoCompareDataConsistency requsted types: ", "result":"Bookmarks, Preferences, Passwords, Typed URLs, Extensions, Extension settings, History Delete Directives, Send Tab To Self, Web Apps, Collection, Edge E Drop, Edge Tab Group, Edge Wallet, Encryption Keys"}
{"logTime": "0915/170534", "correlationVector":"CkZKRQ4FIJv8mZzbDT+pG+.0","action":"CompareDataConsistency result: ", "result":"Compare result: Encryption Keys is consistent. local entities count is: 1 local entities hash is: IjXQQ7qW47knyQdGEmBF/HyqPos="}
{"logTime": "0915/170534", "correlationVector":"CkZKRQ4FIJv8mZzbDT+pG+.1","action":"CompareDataConsistency result: ", "result":"Compare result: Bookmarks is consistent. local entities count is: 3 local entities hash is: qb265RnvGTTuafLMc/xIMUcS2hc="}
{"logTime": "0915/170534", "correlationVector":"CkZKRQ4FIJv8mZzbDT+pG+.2","action":"CompareDataConsistency result: ", "result":"Compare result: Preferences is consistent. local entities count is: 35 local entities hash is: 1h7ZmHwTrD41/WU4NXIND2aF6Pc="}
{"logTime": "0915/170534", "correlationVector":"CkZKRQ4FIJv8mZzbDT+pG+.3","action":"CompareDataConsistency result: ", "result":"Server did not send this Typed URLs local entities count is: 0 local entities hash is: "}
{"logTime": "0915/170534", "correlationVector":"CkZKRQ4FIJv8mZzbDT+pG+.4","action":"CompareDataConsistency result: ", "result":"Compare result: Extensions is consistent. local entities count is: 0 local entities hash is: "}
{"logTime": "0915/170534", "correlationVector":"CkZKRQ4FIJv8mZzbDT+pG+.5","action":"CompareDataConsistency result: ", "result":"Compare result: Extension settings is consistent. local entities count is: 0 local entities hash is: "}
{"logTime": "0915/170534", "correlationVector":"CkZKRQ4FIJv8mZzbDT+pG+.6","action":"CompareDataConsistency result: ", "result":"Compare result: History Delete Directives is consistent. local entities count is: 0 local entities hash is: "}
{"logTime": "0915/170534", "correlationVector":"CkZKRQ4FIJv8mZzbDT+pG+.7","action":"CompareDataConsistency result: ", "result":"Server did not send this Send Tab To Self local entities count is: 0 local entities hash is: "}
{"logTime": "0915/170534", "correlationVector":"CkZKRQ4FIJv8mZzbDT+pG+.8","action":"CompareDataConsistency result: ", "result":"Compare result: Web Apps is consistent. local entities count is: 4 local entities hash is: 6ovz9OqT+DH7jqdtXxO91mPaQGM="}
{"logTime": "0915/170534", "correlationVector":"CkZKRQ4FIJv8mZzbDT+pG+.9","action":"CompareDataConsistency result: ", "result":"Compare result: Collection is consistent. local entities count is: 0 local entities hash is: "}
{"logTime": "0915/170534", "correlationVector":"CkZKRQ4FIJv8mZzbDT+pG+.10","action":"CompareDataConsistency result: ", "result":"Compare result: Edge E Drop is consistent. local entities count is: 0 local entities hash is: "}
{"logTime": "0915/170534", "correlationVector":"CkZKRQ4FIJv8mZzbDT+pG+.11","action":"CompareDataConsistency result: ", "result":"Compare result: Edge Tab Group is consistent. local entities count is: 0 local entities hash is: "}
{"logTime": "0915/170534", "correlationVector":"CkZKRQ4FIJv8mZzbDT+pG+.12","action":"CompareDataConsistency result: ", "result":"Compare result: Edge Wallet is consistent. local entities count is: 0 local entities hash is: "}
{"logTime": "0915/170534", "correlationVector":"CkZKRQ4FIJv8mZzbDT+pG+.13","action":"CompareDataConsistency result: ", "result":"Compare result: Passwords is consistent. local entities count is: 1 local entities hash is: 6OkeM23f9SixJDovu5OSgP6u4lI="}
{"logTime": "0915/170534", "correlationVector":"TAA3g9utXoZz5nGY3m/Ens","action":"Commit Request", "result":"", "context":Item count: 3
Contributing types: Sessions}
{"logTime": "0915/170535", "correlationVector":"TAA3g9utXoZz5nGY3m/Ens.1","action":"SyncServerConnectionManagerRequest", "result":"SYNC_SERVER_OK", "context":{"environment":"Prod_EastUS_000w", "migrationStage":"NotStarted", "server":"GENERAL0100000J"}}
{"logTime": "0915/170535", "correlationVector":"TAA3g9utXoZz5nGY3m/Ens.3","action":"Commit.Sessions", "result":"Success", "context":{"id":"e0347602-38bb-4ee2-85d6-fc6f507a91a6", "isDeleted":"true", "size":"0", "version":"1726418815142"}}
{"logTime": "0915/170535", "correlationVector":"TAA3g9utXoZz5nGY3m/Ens.2","action":"Commit Response", "result":"Success", "context":Result: Success. cV=TAA3g9utXoZz5nGY3m/Ens.0;server=GENERAL0100000J;cloudType=Consumer;environment=Prod_EastUS_000w;migrationStage=NotStarted}
{"logTime": "0915/170535", "correlationVector":"","action":"DIAGNOSTIC_REQUEST|v1/diagnosticData/Diagnostic.SendCheckResult()|SUCCESS", "result":""}
{"logTime": "0915/170605", "correlationVector":"EZTvSfyX2Egt/diMK4cghf","action":"Normal GetUpdate request", "result":"", "context":cV=EZTvSfyX2Egt/diMK4cghf
Nudged types: Sessions}
{"logTime": "0915/170605", "correlationVector":"EZTvSfyX2Egt/diMK4cghf.1","action":"SyncServerConnectionManagerRequest", "result":"SYNC_SERVER_OK", "context":{"environment":"Prod_EastUS_000w", "migrationStage":"NotStarted", "server":"GENERAL1100000P"}}
{"logTime": "0915/170605", "correlationVector":"EZTvSfyX2Egt/diMK4cghf.2","action":"GetUpdates", "result":"DeleteReceived", "context":{"id":"e0347602-38bb-4ee2-85d6-fc6f507a91a6", "isDeleted:":"true", "version":"1726419934686"}}
{"logTime": "0915/170605", "correlationVector":"EZTvSfyX2Egt/diMK4cghf.3","action":"GetUpdates Response", "result":"Success", "context":Received 3 update(s). cV=EZTvSfyX2Egt/diMK4cghf.0;server=GENERAL1100000P;cloudType=Consumer;environment=Prod_EastUS_000w;migrationStage=NotStarted}
{"logTime": "0915/170605", "correlationVector":"SGILuBctGDDqq+mDLG58wT","action":"Commit Request", "result":"", "context":Item count: 1
Contributing types: Sessions}
{"logTime": "0915/170605", "correlationVector":"SGILuBctGDDqq+mDLG58wT.1","action":"SyncServerConnectionManagerRequest", "result":"SYNC_SERVER_OK", "context":{"environment":"Prod_EastUS_000w", "migrationStage":"NotStarted", "server":"GENERAL11000025"}}
{"logTime": "0915/170605", "correlationVector":"SGILuBctGDDqq+mDLG58wT.2","action":"Commit Response", "result":"Success", "context":Result: Success. cV=SGILuBctGDDqq+mDLG58wT.0;server=GENERAL11000025;cloudType=Consumer;environment=Prod_EastUS_000w;migrationStage=NotStarted}
{"logTime": "0915/170635", "correlationVector":"z6kTyrH1+wNIj3+LwBMvE0","action":"Commit Request", "result":"", "context":Item count: 1
Contributing types: Sessions}
{"logTime": "0915/170636", "correlationVector":"z6kTyrH1+wNIj3+LwBMvE0.1","action":"SyncServerConnectionManagerRequest", "result":"SYNC_SERVER_OK", "context":{"environment":"Prod_EastUS_000w", "migrationStage":"NotStarted", "server":"GENERAL0200003K"}}
{"logTime": "0915/170636", "correlationVector":"z6kTyrH1+wNIj3+LwBMvE0.2","action":"Commit Response", "result":"Success", "context":Result: Success. cV=z6kTyrH1+wNIj3+LwBMvE0.0;server=GENERAL0200003K;cloudType=Consumer;environment=Prod_EastUS_000w;migrationStage=NotStarted}
{"logTime": "0915/171031", "correlationVector":"UzbZYHR4gLMNQX5rD1UvBr","action":"Normal GetUpdate request", "result":"", "context":cV=UzbZYHR4gLMNQX5rD1UvBr
Refresh requested types: Bookmarks, Preferences, Passwords, Autofill Profiles, Autofill, Typed URLs, Extensions, Sessions, Extension settings, History Delete Directives, Device Info, User Consents, Send Tab To Self, Web Apps, Collection, Edge E Drop, Edge Hub App Usage, Edge Tab Group, Edge Wallet, Encryption Keys}
{"logTime": "0915/171032", "correlationVector":"UzbZYHR4gLMNQX5rD1UvBr.1","action":"SyncServerConnectionManagerRequest", "result":"SYNC_SERVER_OK", "context":{"environment":"Prod_SouthCentralUS_000i", "migrationStage":"NotStarted", "server":"GENERAL0100000W"}}
{"logTime": "0915/171032", "correlationVector":"UzbZYHR4gLMNQX5rD1UvBr.2","action":"GetUpdates Response", "result":"Success", "context":Received 1 update(s). cV=UzbZYHR4gLMNQX5rD1UvBr.0;server=GENERAL0100000W;cloudType=Consumer;environment=Prod_SouthCentralUS_000i;migrationStage=NotStarted}
{"logTime": "0915/203311", "correlationVector":"yufI8sffHO6Ia+ybGM3kr7.1","action":"SyncServerConnectionManagerRequest", "result":"SYNC_SERVER_OK", "context":{"environment":"Prod_EastUS2_000e", "migrationStage":"NotStarted", "server":"GENERAL0100001O"}}
{"logTime": "0915/203311", "correlationVector":"ONzMyeM9BxXAcxR6pnh0hL","action":"SyncServerConnectionManagerRequest", "result":"SYNC_SERVER_OK", "context":{"environment":"", "migrationStage":"", "server":""}}
{"logTime": "0915/203311", "correlationVector":"yufI8sffHO6Ia+ybGM3kr7","action":"Initial GetUpdates", "result":"", "context":Reason: NEW_CLIENT. cV=yufI8sffHO6Ia+ybGM3kr7}
{"logTime": "0915/203311", "correlationVector":"yufI8sffHO6Ia+ybGM3kr7.2","action":"GetUpdates Response", "result":"Success", "context":Received 1 update(s). cV=yufI8sffHO6Ia+ybGM3kr7.0;server=GENERAL0100001O;cloudType=Consumer;environment=Prod_EastUS2_000e;migrationStage=NotStarted}
{"logTime": "0915/203311", "correlationVector":"KilGpeIB650ZjNyoQqrUS8","action":"Initial GetUpdates", "result":"", "context":Reason: NEWLY_SUPPORTED_DATATYPE. cV=KilGpeIB650ZjNyoQqrUS8}
{"logTime": "0915/203311", "correlationVector":"KilGpeIB650ZjNyoQqrUS8.1","action":"SyncServerConnectionManagerRequest", "result":"SYNC_SERVER_OK", "context":{"environment":"Prod_EastUS2_000e", "migrationStage":"NotStarted", "server":"GENERAL0100000Z"}}
{"logTime": "0915/203311", "correlationVector":"KilGpeIB650ZjNyoQqrUS8.2","action":"GetUpdates Response", "result":"Success", "context":Received 1 update(s). cV=KilGpeIB650ZjNyoQqrUS8.0;server=GENERAL0100000Z;cloudType=Consumer;environment=Prod_EastUS2_000e;migrationStage=NotStarted}
{"logTime": "0915/203312", "correlationVector":"Ak06wQnrqrFM7Cr5jT6M3l","action":"Normal GetUpdate request", "result":"", "context":cV=Ak06wQnrqrFM7Cr5jT6M3l
Nudged types: Sessions
Refresh requested types: Bookmarks, Preferences, Passwords, Autofill Profiles, Autofill, Typed URLs, Extensions, Sessions, Extension settings, History Delete Directives, Device Info, User Consents, Send Tab To Self, Web Apps, Collection, Edge E Drop, Edge Hub App Usage, Edge Tab Group, Edge Wallet, Encryption Keys}
{"logTime": "0915/203312", "correlationVector":"Ak06wQnrqrFM7Cr5jT6M3l.1","action":"SyncServerConnectionManagerRequest", "result":"SYNC_SERVER_OK", "context":{"environment":"Prod_EastUS2_000e", "migrationStage":"NotStarted", "server":"GENERAL01000007"}}
{"logTime": "0915/203312", "correlationVector":"Ak06wQnrqrFM7Cr5jT6M3l.2","action":"GetUpdates", "result":"DeleteReceived", "context":{"id":"688991c5-2013-4484-af1d-2acf8fde4601", "isDeleted:":"true", "version":"1726420792439"}}
{"logTime": "0915/203312", "correlationVector":"Ak06wQnrqrFM7Cr5jT6M3l.3","action":"GetUpdates Response", "result":"Success", "context":Received 1 update(s). cV=Ak06wQnrqrFM7Cr5jT6M3l.0;server=GENERAL01000007;cloudType=Consumer;environment=Prod_EastUS2_000e;migrationStage=NotStarted}
{"logTime": "0915/203312", "correlationVector":"vveuGYIhXSYwsx2+ec9Smi","action":"DoCompareDataConsistency requsted types: ", "result":"Bookmarks, Preferences, Passwords, Typed URLs, Extensions, Extension settings, History Delete Directives, Send Tab To Self, Web Apps, Collection, Edge E Drop, Edge Tab Group, Edge Wallet, Encryption Keys"}
{"logTime": "0915/203312", "correlationVector":"vveuGYIhXSYwsx2+ec9Smi.0","action":"CompareDataConsistency result: ", "result":"Compare result: Encryption Keys is consistent. local entities count is: 1 local entities hash is: IjXQQ7qW47knyQdGEmBF/HyqPos="}
{"logTime": "0915/203312", "correlationVector":"vveuGYIhXSYwsx2+ec9Smi.1","action":"CompareDataConsistency result: ", "result":"Compare result: Bookmarks is consistent. local entities count is: 3 local entities hash is: qb265RnvGTTuafLMc/xIMUcS2hc="}
{"logTime": "0915/203312", "correlationVector":"vveuGYIhXSYwsx2+ec9Smi.2","action":"CompareDataConsistency result: ", "result":"Compare result: Preferences is consistent. local entities count is: 35 local entities hash is: 1h7ZmHwTrD41/WU4NXIND2aF6Pc="}
{"logTime": "0915/203312", "correlationVector":"vveuGYIhXSYwsx2+ec9Smi.3","action":"CompareDataConsistency result: ", "result":"Server did not send this Typed URLs local entities count is: 0 local entities hash is: "}
{"logTime": "0915/203312", "correlationVector":"vveuGYIhXSYwsx2+ec9Smi.4","action":"CompareDataConsistency result: ", "result":"Compare result: Extensions is consistent. local entities count is: 0 local entities hash is: "}
{"logTime": "0915/203312", "correlationVector":"vveuGYIhXSYwsx2+ec9Smi.5","action":"CompareDataConsistency result: ", "result":"Compare result: Extension settings is consistent. local entities count is: 0 local entities hash is: "}
{"logTime": "0915/203312", "correlationVector":"vveuGYIhXSYwsx2+ec9Smi.6","action":"CompareDataConsistency result: ", "result":"Compare result: History Delete Directives is consistent. local entities count is: 0 local entities hash is: "}
{"logTime": "0915/203312", "correlationVector":"vveuGYIhXSYwsx2+ec9Smi.7","action":"CompareDataConsistency result: ", "result":"Server did not send this Send Tab To Self local entities count is: 0 local entities hash is: "}
{"logTime": "0915/203312", "correlationVector":"vveuGYIhXSYwsx2+ec9Smi.8","action":"CompareDataConsistency result: ", "result":"Compare result: Web Apps is consistent. local entities count is: 4 local entities hash is: 6ovz9OqT+DH7jqdtXxO91mPaQGM="}
{"logTime": "0915/203312", "correlationVector":"vveuGYIhXSYwsx2+ec9Smi.9","action":"CompareDataConsistency result: ", "result":"Compare result: Collection is consistent. local entities count is: 0 local entities hash is: "}
{"logTime": "0915/203312", "correlationVector":"vveuGYIhXSYwsx2+ec9Smi.10","action":"CompareDataConsistency result: ", "result":"Compare result: Edge E Drop is consistent. local entities count is: 0 local entities hash is: "}
{"logTime": "0915/203312", "correlationVector":"vveuGYIhXSYwsx2+ec9Smi.11","action":"CompareDataConsistency result: ", "result":"Compare result: Edge Tab Group is consistent. local entities count is: 0 local entities hash is: "}
{"logTime": "0915/203312", "correlationVector":"vveuGYIhXSYwsx2+ec9Smi.12","action":"CompareDataConsistency result: ", "result":"Compare result: Edge Wallet is consistent. local entities count is: 0 local entities hash is: "}
{"logTime": "0915/203312", "correlationVector":"vveuGYIhXSYwsx2+ec9Smi.13","action":"CompareDataConsistency result: ", "result":"Compare result: Passwords is consistent. local entities count is: 1 local entities hash is: 6OkeM23f9SixJDovu5OSgP6u4lI="}
{"logTime": "0915/203312", "correlationVector":"hlrPvhlUP+i1i9mmt65iYw","action":"Commit Request", "result":"", "context":Item count: 3
Contributing types: Sessions}
{"logTime": "0915/203313", "correlationVector":"hlrPvhlUP+i1i9mmt65iYw.1","action":"SyncServerConnectionManagerRequest", "result":"SYNC_SERVER_OK", "context":{"environment":"Prod_EastUS2_000e", "migrationStage":"NotStarted", "server":"GENERAL01000026"}}
{"logTime": "0915/203313", "correlationVector":"hlrPvhlUP+i1i9mmt65iYw.3","action":"Commit.Sessions", "result":"Success", "context":{"id":"f6b5a102-0900-4c58-ab52-ecdc7f531568", "isDeleted":"true", "size":"0", "version":"1726419995802"}}
{"logTime": "0915/203313", "correlationVector":"hlrPvhlUP+i1i9mmt65iYw.2","action":"Commit Response", "result":"Success", "context":Result: Success. cV=hlrPvhlUP+i1i9mmt65iYw.0;server=GENERAL01000026;cloudType=Consumer;environment=Prod_EastUS2_000e;migrationStage=NotStarted}
{"logTime": "0915/203313", "correlationVector":"","action":"DIAGNOSTIC_REQUEST|v1/diagnosticData/Diagnostic.SendCheckResult()|SUCCESS", "result":""}
{"logTime": "0915/203343", "correlationVector":"rdb8xI+T2hZvQSrmXEUjgG","action":"Normal GetUpdate request", "result":"", "context":cV=rdb8xI+T2hZvQSrmXEUjgG
Nudged types: Sessions}
{"logTime": "0915/203343", "correlationVector":"rdb8xI+T2hZvQSrmXEUjgG.1","action":"SyncServerConnectionManagerRequest", "result":"SYNC_SERVER_OK", "context":{"environment":"Prod_EastUS2_000e", "migrationStage":"NotStarted", "server":"GENERAL0100000B"}}
{"logTime": "0915/203343", "correlationVector":"rdb8xI+T2hZvQSrmXEUjgG.2","action":"GetUpdates", "result":"DeleteReceived", "context":{"id":"f6b5a102-0900-4c58-ab52-ecdc7f531568", "isDeleted:":"true", "version":"1726432392528"}}
{"logTime": "0915/203343", "correlationVector":"rdb8xI+T2hZvQSrmXEUjgG.3","action":"GetUpdates Response", "result":"Success", "context":Received 3 update(s). cV=rdb8xI+T2hZvQSrmXEUjgG.0;server=GENERAL0100000B;cloudType=Consumer;environment=Prod_EastUS2_000e;migrationStage=NotStarted}
{"logTime": "0915/203343", "correlationVector":"1PSaFjO9uocYXDtyy1Q1Rk","action":"Commit Request", "result":"", "context":Item count: 1
Contributing types: Sessions}
{"logTime": "0915/203343", "correlationVector":"1PSaFjO9uocYXDtyy1Q1Rk.1","action":"SyncServerConnectionManagerRequest", "result":"SYNC_SERVER_OK", "context":{"environment":"Prod_EastUS2_000e", "migrationStage":"NotStarted", "server":"GENERAL0100001J"}}
{"logTime": "0915/203343", "correlationVector":"1PSaFjO9uocYXDtyy1Q1Rk.2","action":"Commit Response", "result":"Success", "context":Result: Success. cV=1PSaFjO9uocYXDtyy1Q1Rk.0;server=GENERAL0100001J;cloudType=Consumer;environment=Prod_EastUS2_000e;migrationStage=NotStarted}
{"logTime": "0915/203503", "correlationVector":"zW5dbBXhiX6WU192C/f7aY","action":"Commit Request", "result":"", "context":Item count: 1
Contributing types: Sessions}
{"logTime": "0915/203503", "correlationVector":"zW5dbBXhiX6WU192C/f7aY.1","action":"SyncServerConnectionManagerRequest", "result":"SYNC_SERVER_OK", "context":{"environment":"Prod_EastUS2_000e", "migrationStage":"NotStarted", "server":"GENERAL01000013"}}
{"logTime": "0915/203503", "correlationVector":"zW5dbBXhiX6WU192C/f7aY.2","action":"Commit Response", "result":"Success", "context":Result: Success. cV=zW5dbBXhiX6WU192C/f7aY.0;server=GENERAL01000013;cloudType=Consumer;environment=Prod_EastUS2_000e;migrationStage=NotStarted}
{"logTime": "0915/203809", "correlationVector":"MYiv+zETbU+Q+WcWFc9DMw","action":"Normal GetUpdate request", "result":"", "context":cV=MYiv+zETbU+Q+WcWFc9DMw
Refresh requested types: Bookmarks, Preferences, Passwords, Autofill Profiles, Autofill, Typed URLs, Extensions, Sessions, Extension settings, History Delete Directives, Device Info, User Consents, Send Tab To Self, Web Apps, Collection, Edge E Drop, Edge Hub App Usage, Edge Tab Group, Edge Wallet, Encryption Keys}
{"logTime": "0915/203810", "correlationVector":"MYiv+zETbU+Q+WcWFc9DMw.1","action":"SyncServerConnectionManagerRequest", "result":"SYNC_SERVER_OK", "context":{"environment":"Prod_EastUS_000w", "migrationStage":"NotStarted", "server":"GENERAL0200003S"}}
{"logTime": "0915/203810", "correlationVector":"MYiv+zETbU+Q+WcWFc9DMw.2","action":"GetUpdates Response", "result":"Success", "context":Received 1 update(s). cV=MYiv+zETbU+Q+WcWFc9DMw.0;server=GENERAL0200003S;cloudType=Consumer;environment=Prod_EastUS_000w;migrationStage=NotStarted}
{"logTime": "0915/203810", "correlationVector":"Ab2rClQjpi5H9guEcdT4jE","action":"Commit Request", "result":"", "context":Item count: 1
Contributing types: Sessions}
{"logTime": "0915/203811", "correlationVector":"Ab2rClQjpi5H9guEcdT4jE.1","action":"SyncServerConnectionManagerRequest", "result":"SYNC_SERVER_OK", "context":{"environment":"Prod_EastUS_000w", "migrationStage":"NotStarted", "server":"GENERAL11000000"}}
{"logTime": "0915/203811", "correlationVector":"Ab2rClQjpi5H9guEcdT4jE.2","action":"Commit Response", "result":"Success", "context":Result: Success. cV=Ab2rClQjpi5H9guEcdT4jE.0;server=GENERAL11000000;cloudType=Consumer;environment=Prod_EastUS_000w;migrationStage=NotStarted}
{"logTime": "0915/203841", "correlationVector":"GK4QDyZYGV1FLYGSDJ8Weo","action":"Commit Request", "result":"", "context":Item count: 1
Contributing types: Sessions}
{"logTime": "0915/203841", "correlationVector":"GK4QDyZYGV1FLYGSDJ8Weo.1","action":"SyncServerConnectionManagerRequest", "result":"SYNC_SERVER_OK", "context":{"environment":"Prod_EastUS_000w", "migrationStage":"NotStarted", "server":"GENERAL0100001L"}}
{"logTime": "0915/203841", "correlationVector":"GK4QDyZYGV1FLYGSDJ8Weo.2","action":"Commit Response", "result":"Success", "context":Result: Success. cV=GK4QDyZYGV1FLYGSDJ8Weo.0;server=GENERAL0100001L;cloudType=Consumer;environment=Prod_EastUS_000w;migrationStage=NotStarted}
{"logTime": "0915/204003", "correlationVector":"Y0Kh/Nu4V5tvJAw4Op9B5r","action":"Commit Request", "result":"", "context":Item count: 1
Contributing types: Sessions}
{"logTime": "0915/204004", "correlationVector":"Y0Kh/Nu4V5tvJAw4Op9B5r.1","action":"SyncServerConnectionManagerRequest", "result":"SYNC_SERVER_OK", "context":{"environment":"Prod_EastUS2_000e", "migrationStage":"NotStarted", "server":"GENERAL01000008"}}
{"logTime": "0915/204004", "correlationVector":"Y0Kh/Nu4V5tvJAw4Op9B5r.2","action":"Commit Response", "result":"Success", "context":Result: Success. cV=Y0Kh/Nu4V5tvJAw4Op9B5r.0;server=GENERAL01000008;cloudType=Consumer;environment=Prod_EastUS2_000e;migrationStage=NotStarted}
{"logTime": "0915/204057", "correlationVector":"D3uc0DsLe7aijGFYTLrgv/","action":"Commit Request", "result":"", "context":Item count: 1
Contributing types: Sessions}
{"logTime": "0915/204057", "correlationVector":"D3uc0DsLe7aijGFYTLrgv/.1","action":"SyncServerConnectionManagerRequest", "result":"SYNC_SERVER_OK", "context":{"environment":"Prod_EastUS2_000e", "migrationStage":"NotStarted", "server":"GENERAL0100000Y"}}
{"logTime": "0915/204057", "correlationVector":"D3uc0DsLe7aijGFYTLrgv/.2","action":"Commit Response", "result":"Success", "context":Result: Success. cV=D3uc0DsLe7aijGFYTLrgv/.0;server=GENERAL0100000Y;cloudType=Consumer;environment=Prod_EastUS2_000e;migrationStage=NotStarted}
{"logTime": "0915/204129", "correlationVector":"JvI+x38i8pfsVGH0WZ57WW","action":"Commit Request", "result":"", "context":Item count: 1
Contributing types: Sessions}
{"logTime": "0915/204129", "correlationVector":"JvI+x38i8pfsVGH0WZ57WW.1","action":"SyncServerConnectionManagerRequest", "result":"SYNC_SERVER_OK", "context":{"environment":"Prod_EastUS2_000e", "migrationStage":"NotStarted", "server":"GENERAL0100000C"}}
{"logTime": "0915/204129", "correlationVector":"JvI+x38i8pfsVGH0WZ57WW.2","action":"Commit Response", "result":"Success", "context":Result: Success. cV=JvI+x38i8pfsVGH0WZ57WW.0;server=GENERAL0100000C;cloudType=Consumer;environment=Prod_EastUS2_000e;migrationStage=NotStarted}
